This file contains any messages produced by compilers while
running configure, to aid debugging if configure makes a mistake.

It was created by assitch configure 3.0, which was
generated by GNU Autoconf 2.59.  Invocation command line was

  $ ./configure 

## --------- ##
## Platform. ##
## --------- ##

hostname = spiral
uname -m = i686
uname -r = 2.6.11.4-21.7-smp
uname -s = Linux
uname -v = #1 SMP Thu Jun 2 14:23:14 UTC 2005

/usr/bin/uname -p = unknown
/bin/uname -X     = unknown

/bin/arch              = i686
/usr/bin/arch -k       = unknown
/usr/convex/getsysinfo = unknown
hostinfo               = unknown
/bin/machine           = unknown
/usr/bin/oslevel       = unknown
/bin/universe          = unknown

PATH: /home/thomas/bin
PATH: /usr/local/bin
PATH: /usr/bin
PATH: /usr/X11R6/bin
PATH: /bin
PATH: /usr/games
PATH: /opt/gnome/bin
PATH: /opt/kde3/bin


## ----------- ##
## Core tests. ##
## ----------- ##

configure:1550: checking for a BSD-compatible install
configure:1605: result: /usr/bin/install -c
configure:1616: checking whether build environment is sane
configure:1659: result: yes
configure:1724: checking for gawk
configure:1740: found /usr/bin/gawk
configure:1750: result: gawk
configure:1760: checking whether make sets $(MAKE)
configure:1780: result: yes
configure:1997: checking for gcc
configure:2013: found /usr/local/bin/gcc
configure:2023: result: gcc
configure:2267: checking for C compiler version
configure:2270: gcc --version </dev/null >&5
gcc (GCC) 3.3.5 20050117 (prerelease) (SUSE Linux)
Copyright (C) 2003 Free Software Foundation, Inc.
This is free software; see the source for copying conditions.  There is NO
warranty; not even for MERCHANTABILITY or FITNESS FOR A PARTICULAR PURPOSE.

configure:2273: $? = 0
configure:2275: gcc -v </dev/null >&5
Reading specs from /usr/lib/gcc-lib/i586-suse-linux/3.3.5/specs
Configured with: ../configure --enable-threads=posix --prefix=/usr --with-local-prefix=/usr/local --infodir=/usr/share/info --mandir=/usr/share/man --enable-languages=c,c++,f77,objc,java,ada --disable-checking --libdir=/usr/lib --enable-libgcj --with-slibdir=/lib --with-system-zlib --enable-shared --enable-__cxa_atexit i586-suse-linux
Thread model: posix
gcc version 3.3.5 20050117 (prerelease) (SUSE Linux)
configure:2278: $? = 0
configure:2280: gcc -V </dev/null >&5
gcc: `-V' option must have argument
configure:2283: $? = 1
configure:2306: checking for C compiler default output file name
configure:2309: gcc    conftest.c  >&5
configure:2312: $? = 0
configure:2358: result: a.out
configure:2363: checking whether the C compiler works
configure:2369: ./a.out
configure:2372: $? = 0
configure:2389: result: yes
configure:2396: checking whether we are cross compiling
configure:2398: result: no
configure:2401: checking for suffix of executables
configure:2403: gcc -o conftest    conftest.c  >&5
configure:2406: $? = 0
configure:2431: result: 
configure:2437: checking for suffix of object files
configure:2458: gcc -c   conftest.c >&5
configure:2461: $? = 0
configure:2483: result: o
configure:2487: checking whether we are using the GNU C compiler
configure:2511: gcc -c   conftest.c >&5
configure:2517: $? = 0
configure:2521: test -z 
			 || test ! -s conftest.err
configure:2524: $? = 0
configure:2527: test -s conftest.o
configure:2530: $? = 0
configure:2543: result: yes
configure:2549: checking whether gcc accepts -g
configure:2570: gcc -c -g  conftest.c >&5
configure:2576: $? = 0
configure:2580: test -z 
			 || test ! -s conftest.err
configure:2583: $? = 0
configure:2586: test -s conftest.o
configure:2589: $? = 0
configure:2600: result: yes
configure:2617: checking for gcc option to accept ANSI C
configure:2687: gcc  -c -g -O2  conftest.c >&5
configure:2693: $? = 0
configure:2697: test -z 
			 || test ! -s conftest.err
configure:2700: $? = 0
configure:2703: test -s conftest.o
configure:2706: $? = 0
configure:2724: result: none needed
configure:2742: gcc -c -g -O2  conftest.c >&5
conftest.c:2: error: syntax error before "me"
configure:2748: $? = 1
configure: failed program was:
| #ifndef __cplusplus
|   choke me
| #endif
configure:2892: checking for style of include used by make
configure:2920: result: GNU
configure:2948: checking dependency style of gcc
configure:3038: result: gcc3
configure:3056: checking for an ANSI C-conforming const
configure:3123: gcc -c -g -O2  conftest.c >&5
configure:3129: $? = 0
configure:3133: test -z 
			 || test ! -s conftest.err
configure:3136: $? = 0
configure:3139: test -s conftest.o
configure:3142: $? = 0
configure:3153: result: yes
configure:3248: checking build system type
configure:3266: result: i686-suse-linux
configure:3274: checking host system type
configure:3288: result: i686-suse-linux
configure:3296: checking for a sed that does not truncate output
configure:3350: result: /usr/bin/sed
configure:3353: checking for egrep
configure:3363: result: grep -E
configure:3379: checking for ld used by gcc
configure:3446: result: /usr/i586-suse-linux/bin/ld
configure:3455: checking if the linker (/usr/i586-suse-linux/bin/ld) is GNU ld
configure:3470: result: yes
configure:3475: checking for /usr/i586-suse-linux/bin/ld option to reload object files
configure:3482: result: -r
configure:3500: checking for BSD-compatible nm
configure:3542: result: /usr/bin/nm -B
configure:3546: checking whether ln -s works
configure:3550: result: yes
configure:3557: checking how to recognise dependent libraries
configure:3729: result: pass_all
configure:3941: checking how to run the C preprocessor
configure:3976: gcc -E -I$(top_srcdir)/include -I/sw/include/ conftest.c
configure:3982: $? = 0
configure:4014: gcc -E -I$(top_srcdir)/include -I/sw/include/ conftest.c
conftest.c:11:28: ac_nonexistent.h: No such file or directory
configure:4020: $? = 1
configure: failed program was:
| /* confdefs.h.  */
| 
| #define PACKAGE_NAME "assitch"
| #define PACKAGE_TARNAME "assitch"
| #define PACKAGE_VERSION "3.0"
| #define PACKAGE_STRING "assitch 3.0"
| #define PACKAGE_BUGREPORT "thomas@suse.de"
| #define PACKAGE "assitch"
| #define VERSION "3.0"
| /* end confdefs.h.  */
| #include <ac_nonexistent.h>
configure:4059: result: gcc -E
configure:4083: gcc -E -I$(top_srcdir)/include -I/sw/include/ conftest.c
configure:4089: $? = 0
configure:4121: gcc -E -I$(top_srcdir)/include -I/sw/include/ conftest.c
conftest.c:11:28: ac_nonexistent.h: No such file or directory
configure:4127: $? = 1
configure: failed program was:
| /* confdefs.h.  */
| 
| #define PACKAGE_NAME "assitch"
| #define PACKAGE_TARNAME "assitch"
| #define PACKAGE_VERSION "3.0"
| #define PACKAGE_STRING "assitch 3.0"
| #define PACKAGE_BUGREPORT "thomas@suse.de"
| #define PACKAGE "assitch"
| #define VERSION "3.0"
| /* end confdefs.h.  */
| #include <ac_nonexistent.h>
configure:4171: checking for ANSI C header files
configure:4196: gcc -c -O2 -Wall -I$(top_srcdir)/include -I/sw/include/ conftest.c >&5
configure:4202: $? = 0
configure:4206: test -z 
			 || test ! -s conftest.err
configure:4209: $? = 0
configure:4212: test -s conftest.o
configure:4215: $? = 0
configure:4304: gcc -o conftest -O2 -Wall -I$(top_srcdir)/include -I/sw/include/ -L/sw/lib conftest.c  >&5
conftest.c: In function `main':
conftest.c:28: warning: implicit declaration of function `exit'
configure:4307: $? = 0
configure:4309: ./conftest
configure:4312: $? = 0
configure:4327: result: yes
configure:4351: checking for sys/types.h
configure:4367: gcc -c -O2 -Wall -I$(top_srcdir)/include -I/sw/include/ conftest.c >&5
configure:4373: $? = 0
configure:4377: test -z 
			 || test ! -s conftest.err
configure:4380: $? = 0
configure:4383: test -s conftest.o
configure:4386: $? = 0
configure:4397: result: yes
configure:4351: checking for sys/stat.h
configure:4367: gcc -c -O2 -Wall -I$(top_srcdir)/include -I/sw/include/ conftest.c >&5
configure:4373: $? = 0
configure:4377: test -z 
			 || test ! -s conftest.err
configure:4380: $? = 0
configure:4383: test -s conftest.o
configure:4386: $? = 0
configure:4397: result: yes
configure:4351: checking for stdlib.h
configure:4367: gcc -c -O2 -Wall -I$(top_srcdir)/include -I/sw/include/ conftest.c >&5
configure:4373: $? = 0
configure:4377: test -z 
			 || test ! -s conftest.err
configure:4380: $? = 0
configure:4383: test -s conftest.o
configure:4386: $? = 0
configure:4397: result: yes
configure:4351: checking for string.h
configure:4367: gcc -c -O2 -Wall -I$(top_srcdir)/include -I/sw/include/ conftest.c >&5
configure:4373: $? = 0
configure:4377: test -z 
			 || test ! -s conftest.err
configure:4380: $? = 0
configure:4383: test -s conftest.o
configure:4386: $? = 0
configure:4397: result: yes
configure:4351: checking for memory.h
configure:4367: gcc -c -O2 -Wall -I$(top_srcdir)/include -I/sw/include/ conftest.c >&5
configure:4373: $? = 0
configure:4377: test -z 
			 || test ! -s conftest.err
configure:4380: $? = 0
configure:4383: test -s conftest.o
configure:4386: $? = 0
configure:4397: result: yes
configure:4351: checking for strings.h
configure:4367: gcc -c -O2 -Wall -I$(top_srcdir)/include -I/sw/include/ conftest.c >&5
configure:4373: $? = 0
configure:4377: test -z 
			 || test ! -s conftest.err
configure:4380: $? = 0
configure:4383: test -s conftest.o
configure:4386: $? = 0
configure:4397: result: yes
configure:4351: checking for inttypes.h
configure:4367: gcc -c -O2 -Wall -I$(top_srcdir)/include -I/sw/include/ conftest.c >&5
configure:4373: $? = 0
configure:4377: test -z 
			 || test ! -s conftest.err
configure:4380: $? = 0
configure:4383: test -s conftest.o
configure:4386: $? = 0
configure:4397: result: yes
configure:4351: checking for stdint.h
configure:4367: gcc -c -O2 -Wall -I$(top_srcdir)/include -I/sw/include/ conftest.c >&5
configure:4373: $? = 0
configure:4377: test -z 
			 || test ! -s conftest.err
configure:4380: $? = 0
configure:4383: test -s conftest.o
configure:4386: $? = 0
configure:4397: result: yes
configure:4351: checking for unistd.h
configure:4367: gcc -c -O2 -Wall -I$(top_srcdir)/include -I/sw/include/ conftest.c >&5
configure:4373: $? = 0
configure:4377: test -z 
			 || test ! -s conftest.err
configure:4380: $? = 0
configure:4383: test -s conftest.o
configure:4386: $? = 0
configure:4397: result: yes
configure:4423: checking dlfcn.h usability
configure:4435: gcc -c -O2 -Wall -I$(top_srcdir)/include -I/sw/include/ conftest.c >&5
configure:4441: $? = 0
configure:4445: test -z 
			 || test ! -s conftest.err
configure:4448: $? = 0
configure:4451: test -s conftest.o
configure:4454: $? = 0
configure:4464: result: yes
configure:4468: checking dlfcn.h presence
configure:4478: gcc -E -I$(top_srcdir)/include -I/sw/include/ conftest.c
configure:4484: $? = 0
configure:4504: result: yes
configure:4539: checking for dlfcn.h
configure:4546: result: yes
configure:4611: checking for g++
configure:4627: found /usr/local/bin/g++
configure:4637: result: g++
configure:4653: checking for C++ compiler version
configure:4656: g++ --version </dev/null >&5
g++ (GCC) 3.3.5 20050117 (prerelease) (SUSE Linux)
Copyright (C) 2003 Free Software Foundation, Inc.
This is free software; see the source for copying conditions.  There is NO
warranty; not even for MERCHANTABILITY or FITNESS FOR A PARTICULAR PURPOSE.

configure:4659: $? = 0
configure:4661: g++ -v </dev/null >&5
Reading specs from /usr/lib/gcc-lib/i586-suse-linux/3.3.5/specs
Configured with: ../configure --enable-threads=posix --prefix=/usr --with-local-prefix=/usr/local --infodir=/usr/share/info --mandir=/usr/share/man --enable-languages=c,c++,f77,objc,java,ada --disable-checking --libdir=/usr/lib --enable-libgcj --with-slibdir=/lib --with-system-zlib --enable-shared --enable-__cxa_atexit i586-suse-linux
Thread model: posix
gcc version 3.3.5 20050117 (prerelease) (SUSE Linux)
configure:4664: $? = 0
configure:4666: g++ -V </dev/null >&5
g++: `-V' option must have argument
configure:4669: $? = 1
configure:4672: checking whether we are using the GNU C++ compiler
configure:4696: g++ -c  -I$(top_srcdir)/include -I/sw/include/ conftest.cc >&5
configure:4702: $? = 0
configure:4706: test -z 
			 || test ! -s conftest.err
configure:4709: $? = 0
configure:4712: test -s conftest.o
configure:4715: $? = 0
configure:4728: result: yes
configure:4734: checking whether g++ accepts -g
configure:4755: g++ -c -g -I$(top_srcdir)/include -I/sw/include/ conftest.cc >&5
configure:4761: $? = 0
configure:4765: test -z 
			 || test ! -s conftest.err
configure:4768: $? = 0
configure:4771: test -s conftest.o
configure:4774: $? = 0
configure:4785: result: yes
configure:4827: g++ -c -g -O2 -I$(top_srcdir)/include -I/sw/include/ conftest.cc >&5
configure:4833: $? = 0
configure:4837: test -z 
			 || test ! -s conftest.err
configure:4840: $? = 0
configure:4843: test -s conftest.o
configure:4846: $? = 0
configure:4872: g++ -c -g -O2 -I$(top_srcdir)/include -I/sw/include/ conftest.cc >&5
conftest.cc: In function `int main()':
conftest.cc:26: error: `exit' undeclared (first use this function)
conftest.cc:26: error: (Each undeclared identifier is reported only once for 
   each function it appears in.)
configure:4878: $? = 1
configure: failed program was:
| /* confdefs.h.  */
| 
| #define PACKAGE_NAME "assitch"
| #define PACKAGE_TARNAME "assitch"
| #define PACKAGE_VERSION "3.0"
| #define PACKAGE_STRING "assitch 3.0"
| #define PACKAGE_BUGREPORT "thomas@suse.de"
| #define PACKAGE "assitch"
| #define VERSION "3.0"
| #define STDC_HEADERS 1
| #define HAVE_SYS_TYPES_H 1
| #define HAVE_SYS_STAT_H 1
| #define HAVE_STDLIB_H 1
| #define HAVE_STRING_H 1
| #define HAVE_MEMORY_H 1
| #define HAVE_STRINGS_H 1
| #define HAVE_INTTYPES_H 1
| #define HAVE_STDINT_H 1
| #define HAVE_UNISTD_H 1
| #define HAVE_DLFCN_H 1
| /* end confdefs.h.  */
| 
| int
| main ()
| {
| exit (42);
|   ;
|   return 0;
| }
configure:4827: g++ -c -g -O2 -I$(top_srcdir)/include -I/sw/include/ conftest.cc >&5
configure:4833: $? = 0
configure:4837: test -z 
			 || test ! -s conftest.err
configure:4840: $? = 0
configure:4843: test -s conftest.o
configure:4846: $? = 0
configure:4872: g++ -c -g -O2 -I$(top_srcdir)/include -I/sw/include/ conftest.cc >&5
configure:4878: $? = 0
configure:4882: test -z 
			 || test ! -s conftest.err
configure:4885: $? = 0
configure:4888: test -s conftest.o
configure:4891: $? = 0
configure:4916: checking dependency style of g++
configure:5006: result: gcc3
configure:5033: checking how to run the C++ preprocessor
configure:5064: g++ -E -I$(top_srcdir)/include -I/sw/include/ conftest.cc
configure:5070: $? = 0
configure:5102: g++ -E -I$(top_srcdir)/include -I/sw/include/ conftest.cc
conftest.cc:25:28: ac_nonexistent.h: No such file or directory
configure:5108: $? = 1
configure: failed program was:
| /* confdefs.h.  */
| 
| #define PACKAGE_NAME "assitch"
| #define PACKAGE_TARNAME "assitch"
| #define PACKAGE_VERSION "3.0"
| #define PACKAGE_STRING "assitch 3.0"
| #define PACKAGE_BUGREPORT "thomas@suse.de"
| #define PACKAGE "assitch"
| #define VERSION "3.0"
| #define STDC_HEADERS 1
| #define HAVE_SYS_TYPES_H 1
| #define HAVE_SYS_STAT_H 1
| #define HAVE_STDLIB_H 1
| #define HAVE_STRING_H 1
| #define HAVE_MEMORY_H 1
| #define HAVE_STRINGS_H 1
| #define HAVE_INTTYPES_H 1
| #define HAVE_STDINT_H 1
| #define HAVE_UNISTD_H 1
| #define HAVE_DLFCN_H 1
| #ifdef __cplusplus
| extern "C" void std::exit (int) throw (); using std::exit;
| #endif
| /* end confdefs.h.  */
| #include <ac_nonexistent.h>
configure:5147: result: g++ -E
configure:5171: g++ -E -I$(top_srcdir)/include -I/sw/include/ conftest.cc
configure:5177: $? = 0
configure:5209: g++ -E -I$(top_srcdir)/include -I/sw/include/ conftest.cc
conftest.cc:25:28: ac_nonexistent.h: No such file or directory
configure:5215: $? = 1
configure: failed program was:
| /* confdefs.h.  */
| 
| #define PACKAGE_NAME "assitch"
| #define PACKAGE_TARNAME "assitch"
| #define PACKAGE_VERSION "3.0"
| #define PACKAGE_STRING "assitch 3.0"
| #define PACKAGE_BUGREPORT "thomas@suse.de"
| #define PACKAGE "assitch"
| #define VERSION "3.0"
| #define STDC_HEADERS 1
| #define HAVE_SYS_TYPES_H 1
| #define HAVE_SYS_STAT_H 1
| #define HAVE_STDLIB_H 1
| #define HAVE_STRING_H 1
| #define HAVE_MEMORY_H 1
| #define HAVE_STRINGS_H 1
| #define HAVE_INTTYPES_H 1
| #define HAVE_STDINT_H 1
| #define HAVE_UNISTD_H 1
| #define HAVE_DLFCN_H 1
| #ifdef __cplusplus
| extern "C" void std::exit (int) throw (); using std::exit;
| #endif
| /* end confdefs.h.  */
| #include <ac_nonexistent.h>
configure:5312: checking for g77
configure:5341: result: no
configure:5312: checking for f77
configure:5341: result: no
configure:5312: checking for xlf
configure:5341: result: no
configure:5312: checking for frt
configure:5341: result: no
configure:5312: checking for pgf77
configure:5341: result: no
configure:5312: checking for fort77
configure:5341: result: no
configure:5312: checking for fl32
configure:5341: result: no
configure:5312: checking for af77
configure:5341: result: no
configure:5312: checking for f90
configure:5341: result: no
configure:5312: checking for xlf90
configure:5341: result: no
configure:5312: checking for pgf90
configure:5341: result: no
configure:5312: checking for epcf90
configure:5341: result: no
configure:5312: checking for f95
configure:5341: result: no
configure:5312: checking for fort
configure:5341: result: no
configure:5312: checking for xlf95
configure:5341: result: no
configure:5312: checking for ifc
configure:5341: result: no
configure:5312: checking for efc
configure:5341: result: no
configure:5312: checking for pgf95
configure:5341: result: no
configure:5312: checking for lf95
configure:5341: result: no
configure:5312: checking for gfortran
configure:5341: result: no
configure:5353: checking for Fortran 77 compiler version
configure:5356:  --version </dev/null >&5
./configure: line 5357: --version: command not found
configure:5359: $? = 127
configure:5361:  -v </dev/null >&5
./configure: line 5362: -v: command not found
configure:5364: $? = 127
configure:5366:  -V </dev/null >&5
./configure: line 5367: -V: command not found
configure:5369: $? = 127
configure:5377: checking whether we are using the GNU Fortran 77 compiler
configure:5391:  -c  conftest.F >&5
./configure: line 5392: -c: command not found
configure:5397: $? = 127
configure: failed program was:
|       program main
| #ifndef __GNUC__
|        choke me
| #endif
| 
|       end
configure:5423: result: no
configure:5429: checking whether  accepts -g
configure:5441:  -c -g conftest.f >&5
./configure: line 5442: -c: command not found
configure:5447: $? = 127
configure: failed program was:
|       program main
| 
|       end
configure:5472: result: no
configure:5502: checking the maximum length of command line arguments
configure:5593: result: 32768
configure:5604: checking command to parse /usr/bin/nm -B output from gcc object
configure:5700: gcc -c -O2 -Wall -I$(top_srcdir)/include -I/sw/include/ conftest.c >&5
configure:5703: $? = 0
configure:5707: /usr/bin/nm -B conftest.o \| sed -n -e 's/^.*[ 	]\([ABCDGIRSTW][ABCDGIRSTW]*\)[ 	][ 	]*\([_A-Za-z][_A-Za-z0-9]*\)$/\1 \2 \2/p' \> conftest.nm
configure:5710: $? = 0
configure:5762: gcc -o conftest -O2 -Wall -I$(top_srcdir)/include -I/sw/include/ -L/sw/lib conftest.c conftstm.o >&5
configure:5765: $? = 0
configure:5803: result: ok
configure:5807: checking for objdir
configure:5822: result: .libs
configure:5912: checking for ar
configure:5928: found /usr/bin/ar
configure:5939: result: ar
configure:5992: checking for ranlib
configure:6008: found /usr/bin/ranlib
configure:6019: result: ranlib
configure:6072: checking for strip
configure:6088: found /usr/bin/strip
configure:6099: result: strip
configure:6363: checking if gcc static flag  works
configure:6386: result: yes
configure:6404: checking if gcc supports -fno-rtti -fno-exceptions
configure:6422: gcc -c -O2 -Wall -I$(top_srcdir)/include -I/sw/include/ -fno-rtti -fno-exceptions conftest.c >&5
cc1: warning: "-fno-rtti" is valid for C++ but not for C/ObjC
configure:6426: $? = 0
configure:6437: result: no
configure:6452: checking for gcc option to produce PIC
configure:6651: result: -fPIC
configure:6659: checking if gcc PIC flag -fPIC works
configure:6677: gcc -c -O2 -Wall -I$(top_srcdir)/include -I/sw/include/ -fPIC -DPIC conftest.c >&5
configure:6681: $? = 0
configure:6692: result: yes
configure:6716: checking if gcc supports -c -o file.o
configure:6737: gcc -c -O2 -Wall -I$(top_srcdir)/include -I/sw/include/ -o out/conftest2.o conftest.c >&5
configure:6741: $? = 0
configure:6761: result: yes
configure:6787: checking whether the gcc linker (/usr/i586-suse-linux/bin/ld) supports shared libraries
configure:7649: result: yes
configure:7675: checking whether -lc should be explicitly linked in
configure:7680: gcc -c -O2 -Wall -I$(top_srcdir)/include -I/sw/include/ conftest.c >&5
configure:7683: $? = 0
configure:7697: gcc -shared conftest.o  -v -Wl,-soname -Wl,conftest -o conftest 2\>\&1 \| grep  -lc  \>/dev/null 2\>\&1
configure:7700: $? = 0
configure:7712: result: no
configure:7720: checking dynamic linker characteristics
configure:8262: result: GNU/Linux ld.so
configure:8266: checking how to hardcode library paths into programs
configure:8291: result: immediate
configure:8305: checking whether stripping libraries is possible
configure:8310: result: yes
configure:9140: checking if libtool supports shared libraries
configure:9142: result: yes
configure:9145: checking whether to build shared libraries
configure:9166: result: yes
configure:9169: checking whether to build static libraries
configure:9173: result: yes
configure:9265: creating libtool
configure:9820: checking for ld used by g++
configure:9887: result: /usr/i586-suse-linux/bin/ld
configure:9896: checking if the linker (/usr/i586-suse-linux/bin/ld) is GNU ld
configure:9911: result: yes
configure:9962: checking whether the g++ linker (/usr/i586-suse-linux/bin/ld) supports shared libraries
configure:10844: result: yes
configure:10862: g++ -c -g -O2 -I$(top_srcdir)/include -I/sw/include/ conftest.cc >&5
configure:10865: $? = 0
configure:10961: checking for g++ option to produce PIC
configure:11229: result: -fPIC
configure:11237: checking if g++ PIC flag -fPIC works
configure:11255: g++ -c -g -O2 -I$(top_srcdir)/include -I/sw/include/ -fPIC -DPIC conftest.cc >&5
configure:11259: $? = 0
configure:11270: result: yes
configure:11294: checking if g++ supports -c -o file.o
configure:11315: g++ -c -g -O2 -I$(top_srcdir)/include -I/sw/include/ -o out/conftest2.o conftest.cc >&5
configure:11319: $? = 0
configure:11339: result: yes
configure:11365: checking whether the g++ linker (/usr/i586-suse-linux/bin/ld) supports shared libraries
configure:11390: result: yes
configure:11461: checking dynamic linker characteristics
configure:12003: result: GNU/Linux ld.so
configure:12007: checking how to hardcode library paths into programs
configure:12032: result: immediate
configure:12046: checking whether stripping libraries is possible
configure:12051: result: yes
configure:19399: checking libnet.h usability
configure:19411: gcc -c -O2 -Wall -I$(top_srcdir)/include -I/sw/include/ conftest.c >&5
conftest.c:59:20: libnet.h: No such file or directory
configure:19417: $? = 1
configure: failed program was:
| /* confdefs.h.  */
| 
| #define PACKAGE_NAME "assitch"
| #define PACKAGE_TARNAME "assitch"
| #define PACKAGE_VERSION "3.0"
| #define PACKAGE_STRING "assitch 3.0"
| #define PACKAGE_BUGREPORT "thomas@suse.de"
| #define PACKAGE "assitch"
| #define VERSION "3.0"
| #define STDC_HEADERS 1
| #define HAVE_SYS_TYPES_H 1
| #define HAVE_SYS_STAT_H 1
| #define HAVE_STDLIB_H 1
| #define HAVE_STRING_H 1
| #define HAVE_MEMORY_H 1
| #define HAVE_STRINGS_H 1
| #define HAVE_INTTYPES_H 1
| #define HAVE_STDINT_H 1
| #define HAVE_UNISTD_H 1
| #define HAVE_DLFCN_H 1
| #ifdef __cplusplus
| extern "C" void std::exit (int) throw (); using std::exit;
| #endif
| /* end confdefs.h.  */
| #include <stdio.h>
| #if HAVE_SYS_TYPES_H
| # include <sys/types.h>
| #endif
| #if HAVE_SYS_STAT_H
| # include <sys/stat.h>
| #endif
| #if STDC_HEADERS
| # include <stdlib.h>
| # include <stddef.h>
| #else
| # if HAVE_STDLIB_H
| #  include <stdlib.h>
| # endif
| #endif
| #if HAVE_STRING_H
| # if !STDC_HEADERS && HAVE_MEMORY_H
| #  include <memory.h>
| # endif
| # include <string.h>
| #endif
| #if HAVE_STRINGS_H
| # include <strings.h>
| #endif
| #if HAVE_INTTYPES_H
| # include <inttypes.h>
| #else
| # if HAVE_STDINT_H
| #  include <stdint.h>
| # endif
| #endif
| #if HAVE_UNISTD_H
| # include <unistd.h>
| #endif
| #include <libnet.h>
configure:19440: result: no
configure:19444: checking libnet.h presence
configure:19454: gcc -E -I$(top_srcdir)/include -I/sw/include/ conftest.c
conftest.c:25:20: libnet.h: No such file or directory
configure:19460: $? = 1
configure: failed program was:
| /* confdefs.h.  */
| 
| #define PACKAGE_NAME "assitch"
| #define PACKAGE_TARNAME "assitch"
| #define PACKAGE_VERSION "3.0"
| #define PACKAGE_STRING "assitch 3.0"
| #define PACKAGE_BUGREPORT "thomas@suse.de"
| #define PACKAGE "assitch"
| #define VERSION "3.0"
| #define STDC_HEADERS 1
| #define HAVE_SYS_TYPES_H 1
| #define HAVE_SYS_STAT_H 1
| #define HAVE_STDLIB_H 1
| #define HAVE_STRING_H 1
| #define HAVE_MEMORY_H 1
| #define HAVE_STRINGS_H 1
| #define HAVE_INTTYPES_H 1
| #define HAVE_STDINT_H 1
| #define HAVE_UNISTD_H 1
| #define HAVE_DLFCN_H 1
| #ifdef __cplusplus
| extern "C" void std::exit (int) throw (); using std::exit;
| #endif
| /* end confdefs.h.  */
| #include <libnet.h>
configure:19480: result: no
configure:19515: checking for libnet.h
configure:19522: result: no
configure:19728: creating ./config.status

## ---------------------- ##
## Running config.status. ##
## ---------------------- ##

This file was extended by assitch config.status 3.0, which was
generated by GNU Autoconf 2.59.  Invocation command line was

  CONFIG_FILES    = 
  CONFIG_HEADERS  = 
  CONFIG_LINKS    = 
  CONFIG_COMMANDS = 
  $ ./config.status 

on spiral

config.status:718: creating Makefile
config.status:718: creating src/Makefile
config.status:718: creating include/Makefile
config.status:822: creating include/config.h
config.status:930: include/config.h is unchanged
config.status:1110: executing depfiles commands

## ---------------- ##
## Cache variables. ##
## ---------------- ##

ac_cv_build=i686-suse-linux
ac_cv_build_alias=i686-suse-linux
ac_cv_c_compiler_gnu=yes
ac_cv_c_const=yes
ac_cv_cxx_compiler_gnu=yes
ac_cv_env_CC_set=
ac_cv_env_CC_value=
ac_cv_env_CFLAGS_set=
ac_cv_env_CFLAGS_value=
ac_cv_env_CPPFLAGS_set=
ac_cv_env_CPPFLAGS_value=
ac_cv_env_CPP_set=
ac_cv_env_CPP_value=
ac_cv_env_CXXCPP_set=
ac_cv_env_CXXCPP_value=
ac_cv_env_CXXFLAGS_set=
ac_cv_env_CXXFLAGS_value=
ac_cv_env_CXX_set=
ac_cv_env_CXX_value=
ac_cv_env_F77_set=
ac_cv_env_F77_value=
ac_cv_env_FFLAGS_set=
ac_cv_env_FFLAGS_value=
ac_cv_env_LDFLAGS_set=
ac_cv_env_LDFLAGS_value=
ac_cv_env_build_alias_set=
ac_cv_env_build_alias_value=
ac_cv_env_host_alias_set=
ac_cv_env_host_alias_value=
ac_cv_env_target_alias_set=
ac_cv_env_target_alias_value=
ac_cv_exeext=
ac_cv_f77_compiler_gnu=no
ac_cv_header_dlfcn_h=yes
ac_cv_header_inttypes_h=yes
ac_cv_header_libnet_h=no
ac_cv_header_memory_h=yes
ac_cv_header_stdc=yes
ac_cv_header_stdint_h=yes
ac_cv_header_stdlib_h=yes
ac_cv_header_string_h=yes
ac_cv_header_strings_h=yes
ac_cv_header_sys_stat_h=yes
ac_cv_header_sys_types_h=yes
ac_cv_header_unistd_h=yes
ac_cv_host=i686-suse-linux
ac_cv_host_alias=i686-suse-linux
ac_cv_objext=o
ac_cv_path_install='/usr/bin/install -c'
ac_cv_prog_AWK=gawk
ac_cv_prog_CPP='gcc -E'
ac_cv_prog_CXXCPP='g++ -E'
ac_cv_prog_ac_ct_AR=ar
ac_cv_prog_ac_ct_CC=gcc
ac_cv_prog_ac_ct_CXX=g++
ac_cv_prog_ac_ct_RANLIB=ranlib
ac_cv_prog_ac_ct_STRIP=strip
ac_cv_prog_cc_g=yes
ac_cv_prog_cc_stdc=
ac_cv_prog_cxx_g=yes
ac_cv_prog_egrep='grep -E'
ac_cv_prog_f77_g=no
ac_cv_prog_make_make_set=yes
am_cv_CC_dependencies_compiler_type=gcc3
am_cv_CXX_dependencies_compiler_type=gcc3
lt_cv_deplibs_check_method=pass_all
lt_cv_file_magic_cmd='$MAGIC_CMD'
lt_cv_file_magic_test_file=
lt_cv_ld_reload_flag=-r
lt_cv_objdir=.libs
lt_cv_path_LD=/usr/i586-suse-linux/bin/ld
lt_cv_path_LDCXX=/usr/i586-suse-linux/bin/ld
lt_cv_path_NM='/usr/bin/nm -B'
lt_cv_path_SED=/usr/bin/sed
lt_cv_prog_compiler_c_o=yes
lt_cv_prog_compiler_c_o_CXX=yes
lt_cv_prog_compiler_rtti_exceptions=no
lt_cv_prog_gnu_ld=yes
lt_cv_prog_gnu_ldcxx=yes
lt_cv_sys_global_symbol_pipe='sed -n -e '\''s/^.*[ 	]\([ABCDGIRSTW][ABCDGIRSTW]*\)[ 	][ 	]*\([_A-Za-z][_A-Za-z0-9]*\)$/\1 \2 \2/p'\'''
lt_cv_sys_global_symbol_to_c_name_address='sed -n -e '\''s/^: \([^ ]*\) $/  {\"\1\", (lt_ptr) 0},/p'\'' -e '\''s/^[BCDEGRST] \([^ ]*\) \([^ ]*\)$/  {"\2", (lt_ptr) \&\2},/p'\'''
lt_cv_sys_global_symbol_to_cdecl='sed -n -e '\''s/^. .* \(.*\)$/extern int \1;/p'\'''
lt_cv_sys_max_cmd_len=32768
lt_lt_cv_prog_compiler_c_o='"yes"'
lt_lt_cv_prog_compiler_c_o_CXX='"yes"'
lt_lt_cv_sys_global_symbol_pipe='"sed -n -e '\''s/^.*[ 	]\\([ABCDGIRSTW][ABCDGIRSTW]*\\)[ 	][ 	]*\\([_A-Za-z][_A-Za-z0-9]*\\)\$/\\1 \\2 \\2/p'\''"'
lt_lt_cv_sys_global_symbol_to_c_name_address='"sed -n -e '\''s/^: \\([^ ]*\\) \$/  {\\\"\\1\\\", (lt_ptr) 0},/p'\'' -e '\''s/^[BCDEGRST] \\([^ ]*\\) \\([^ ]*\\)\$/  {\"\\2\", (lt_ptr) \\&\\2},/p'\''"'
lt_lt_cv_sys_global_symbol_to_cdecl='"sed -n -e '\''s/^. .* \\(.*\\)\$/extern int \\1;/p'\''"'

## ----------------- ##
## Output variables. ##
## ----------------- ##

ACLOCAL='${SHELL} /home/thomas/Arbeit/CVS-Projects/assitch/missing --run aclocal-1.9'
AMDEPBACKSLASH='\'
AMDEP_FALSE='#'
AMDEP_TRUE=''
AMTAR='${SHELL} /home/thomas/Arbeit/CVS-Projects/assitch/missing --run tar'
AR='ar'
AUTOCONF='${SHELL} /home/thomas/Arbeit/CVS-Projects/assitch/missing --run autoconf'
AUTOHEADER='${SHELL} /home/thomas/Arbeit/CVS-Projects/assitch/missing --run autoheader'
AUTOMAKE='${SHELL} /home/thomas/Arbeit/CVS-Projects/assitch/missing --run automake-1.9'
AWK='gawk'
CC='gcc'
CCDEPMODE='depmode=gcc3'
CFLAGS='-O2 -Wall'
CPP='gcc -E'
CPPFLAGS='-I$(top_srcdir)/include -I/sw/include/'
CXX='g++'
CXXCPP='g++ -E'
CXXDEPMODE='depmode=gcc3'
CXXFLAGS='-g -O2'
CYGPATH_W='echo'
DEFS='-DHAVE_CONFIG_H'
DEPDIR='.deps'
ECHO='echo'
ECHO_C=''
ECHO_N='-n'
ECHO_T=''
EGREP='grep -E'
EXEEXT=''
F77=''
FFLAGS=''
INSTALL_DATA='${INSTALL} -m 644'
INSTALL_PROGRAM='${INSTALL}'
INSTALL_SCRIPT='${INSTALL}'
INSTALL_STRIP_PROGRAM='${SHELL} $(install_sh) -c -s'
LDFLAGS='-L/sw/lib'
LIBNET=''
LIBOBJS=''
LIBS=''
LIBTOOL='$(SHELL) $(top_builddir)/libtool'
LIBTOOL_DEPS='./ltmain.sh'
LN_S='ln -s'
LTLIBOBJS=''
MAKEINFO='${SHELL} /home/thomas/Arbeit/CVS-Projects/assitch/missing --run makeinfo'
OBJEXT='o'
PACKAGE='assitch'
PACKAGE_BUGREPORT='thomas@suse.de'
PACKAGE_NAME='assitch'
PACKAGE_STRING='assitch 3.0'
PACKAGE_TARNAME='assitch'
PACKAGE_VERSION='3.0'
PATH_SEPARATOR=':'
RANLIB='ranlib'
SET_MAKE=''
SHELL='/bin/sh'
STRIP='strip'
VERSION='3.0'
ac_ct_AR='ar'
ac_ct_CC='gcc'
ac_ct_CXX='g++'
ac_ct_F77=''
ac_ct_RANLIB='ranlib'
ac_ct_STRIP='strip'
am__fastdepCC_FALSE='#'
am__fastdepCC_TRUE=''
am__fastdepCXX_FALSE='#'
am__fastdepCXX_TRUE=''
am__include='include'
am__leading_dot='.'
am__quote=''
am__tar='${AMTAR} chof - "$$tardir"'
am__untar='${AMTAR} xf -'
bindir='${exec_prefix}/bin'
build='i686-suse-linux'
build_alias=''
build_cpu='i686'
build_os='linux'
build_vendor='suse'
datadir='${prefix}/share'
exec_prefix='${prefix}'
host='i686-suse-linux'
host_alias=''
host_cpu='i686'
host_os='linux'
host_vendor='suse'
includedir='${prefix}/include'
infodir='${prefix}/info'
install_sh='/home/thomas/Arbeit/CVS-Projects/assitch/install-sh'
libdir='${exec_prefix}/lib'
libexecdir='${exec_prefix}/libexec'
localstatedir='${prefix}/var'
mandir='${prefix}/man'
mkdir_p='mkdir -p --'
oldincludedir='/usr/include'
prefix='/usr/local'
program_transform_name='s,x,x,'
sbindir='${exec_prefix}/sbin'
sharedstatedir='${prefix}/com'
sysconfdir='${prefix}/etc'
target_alias=''

## ----------- ##
## confdefs.h. ##
## ----------- ##

#define HAVE_DLFCN_H 1
#define HAVE_INTTYPES_H 1
#define HAVE_MEMORY_H 1
#define HAVE_STDINT_H 1
#define HAVE_STDLIB_H 1
#define HAVE_STRINGS_H 1
#define HAVE_STRING_H 1
#define HAVE_SYS_STAT_H 1
#define HAVE_SYS_TYPES_H 1
#define HAVE_UNISTD_H 1
#define PACKAGE "assitch"
#define PACKAGE_BUGREPORT "thomas@suse.de"
#define PACKAGE_NAME "assitch"
#define PACKAGE_STRING "assitch 3.0"
#define PACKAGE_TARNAME "assitch"
#define PACKAGE_VERSION "3.0"
#define STDC_HEADERS 1
#define VERSION "3.0"
#endif
#ifdef __cplusplus
extern "C" void std::exit (int) throw (); using std::exit;

configure: exit 0
